# JRE version: OpenJDK Runtime Environment Microsoft-9388408 (17.0.11+9) (build 17.0.11+9-LTS)
# Java VM: OpenJDK 64-Bit Server VM Microsoft-9388408 (17.0.11+9-LTS, mixed mode, sharing, tiered, compressed oops, compressed class ptrs, g1 gc, windows-amd64)
GC Precious Log:
 CPUs: 4 total, 4 available
 Memory: 7971M
 Large Page Support: Disabled
 NUMA Support: Disabled
 Compressed Oops: Enabled (32-bit)
 Heap Region Size: 1M
 Heap Min Capacity: 8M
 Heap Initial Capacity: 126M
 Heap Max Capacity: 2G
 Pre-touch: Disabled
 Parallel Workers: 4
 Concurrent Workers: 1
 Concurrent Refinement Workers: 4
 Periodic GC: Disabled
Heap:
 garbage-first heap   total 129024K, used 45895K [0x0000000080000000, 0x0000000100000000)
  region size 1024K, 36 young (36864K), 10 survivors (10240K)
 Metaspace       used 19204K, committed 19520K, reserved 491520K
  class space    used 2809K, committed 2944K, reserved 425984K
GC Heap History (8 events):
Event: 1.097 GC heap before
{Heap before GC invocations=0 (full 0):
 garbage-first heap   total 129024K, used 13312K [0x0000000080000000, 0x0000000100000000)
  region size 1024K, 13 young (13312K), 0 survivors (0K)
 Metaspace       used 1026K, committed 1152K, reserved 491520K
  class space    used 78K, committed 128K, reserved 425984K
}
Event: 1.103 GC heap after
{Heap after GC invocations=1 (full 0):
 garbage-first heap   total 129024K, used 3671K [0x0000000080000000, 0x0000000100000000)
  region size 1024K, 2 young (2048K), 2 survivors (2048K)
 Metaspace       used 1026K, committed 1152K, reserved 491520K
  class space    used 78K, committed 128K, reserved 425984K
}
Event: 1.989 GC heap before
{Heap before GC invocations=1 (full 0):
 garbage-first heap   total 129024K, used 24151K [0x0000000080000000, 0x0000000100000000)
  region size 1024K, 18 young (18432K), 2 survivors (2048K)
 Metaspace       used 3949K, committed 4160K, reserved 491520K
  class space    used 491K, committed 576K, reserved 425984K
}
Event: 1.993 GC heap after
{Heap after GC invocations=2 (full 0):
 garbage-first heap   total 129024K, used 10785K [0x0000000080000000, 0x0000000100000000)
  region size 1024K, 3 young (3072K), 3 survivors (3072K)
 Metaspace       used 3949K, committed 4160K, reserved 491520K
  class space    used 491K, committed 576K, reserved 425984K
}
Event: 2.655 GC heap before
{Heap before GC invocations=2 (full 0):
 garbage-first heap   total 129024K, used 33313K [0x0000000080000000, 0x0000000100000000)
  region size 1024K, 25 young (25600K), 3 survivors (3072K)
 Metaspace       used 4027K, committed 4160K, reserved 491520K
  class space    used 492K, committed 576K, reserved 425984K
}
Event: 2.658 GC heap after
{Heap after GC invocations=3 (full 0):
 garbage-first heap   total 129024K, used 11440K [0x0000000080000000, 0x0000000100000000)
  region size 1024K, 1 young (1024K), 1 survivors (1024K)
 Metaspace       used 4027K, committed 4160K, reserved 491520K
  class space    used 492K, committed 576K, reserved 425984K
}
Event: 10.520 GC heap before
{Heap before GC invocations=3 (full 0):
 garbage-first heap   total 129024K, used 88240K [0x0000000080000000, 0x0000000100000000)
  region size 1024K, 75 young (76800K), 1 survivors (1024K)
 Metaspace       used 15945K, committed 16192K, reserved 491520K
  class space    used 2268K, committed 2368K, reserved 425984K
}
Event: 10.533 GC heap after
{Heap after GC invocations=4 (full 0):
 garbage-first heap   total 129024K, used 20295K [0x0000000080000000, 0x0000000100000000)
  region size 1024K, 10 young (10240K), 10 survivors (10240K)
 Metaspace       used 15945K, committed 16192K, reserved 491520K
  class space    used 2268K, committed 2368K, reserved 425984K
}

