# JRE version: OpenJDK Runtime Environment Microsoft-9388408 (17.0.11+9) (build 17.0.11+9-LTS)
# Java VM: OpenJDK 64-Bit Server VM Microsoft-9388408 (17.0.11+9-LTS, mixed mode, sharing, tiered, compressed oops, compressed class ptrs, g1 gc, windows-amd64)
GC Precious Log:
 CPUs: 4 total, 4 available
 Memory: 7971M
 Large Page Support: Disabled
 NUMA Support: Disabled
 Compressed Oops: Enabled (32-bit)
 Heap Region Size: 1M
 Heap Min Capacity: 8M
 Heap Initial Capacity: 126M
 Heap Max Capacity: 2G
 Pre-touch: Disabled
 Parallel Workers: 4
 Concurrent Workers: 1
 Concurrent Refinement Workers: 4
 Periodic GC: Disabled
Heap:
 garbage-first heap   total 174080K, used 121259K [0x0000000080000000, 0x0000000100000000)
  region size 1024K, 26 young (26624K), 3 survivors (3072K)
 Metaspace       used 89660K, committed 90624K, reserved 557056K
  class space    used 12486K, committed 12928K, reserved 425984K
GC Heap History (20 events):
Event: 170.483 GC heap before
{Heap before GC invocations=48 (full 0):
 garbage-first heap   total 148480K, used 100520K [0x0000000080000000, 0x0000000100000000)
  region size 1024K, 18 young (18432K), 3 survivors (3072K)
 Metaspace       used 77350K, committed 78208K, reserved 557056K
  class space    used 10868K, committed 11264K, reserved 425984K
}
Event: 170.489 GC heap after
{Heap after GC invocations=49 (full 0):
 garbage-first heap   total 148480K, used 88531K [0x0000000080000000, 0x0000000100000000)
  region size 1024K, 3 young (3072K), 3 survivors (3072K)
 Metaspace       used 77350K, committed 78208K, reserved 557056K
  class space    used 10868K, committed 11264K, reserved 425984K
}
Event: 172.243 GC heap before
{Heap before GC invocations=50 (full 0):
 garbage-first heap   total 157696K, used 109011K [0x0000000080000000, 0x0000000100000000)
  region size 1024K, 23 young (23552K), 3 survivors (3072K)
 Metaspace       used 78875K, committed 79808K, reserved 557056K
  class space    used 11051K, committed 11520K, reserved 425984K
}
Event: 172.252 GC heap after
{Heap after GC invocations=51 (full 0):
 garbage-first heap   total 157696K, used 90311K [0x0000000080000000, 0x0000000100000000)
  region size 1024K, 1 young (1024K), 1 survivors (1024K)
 Metaspace       used 78875K, committed 79808K, reserved 557056K
  class space    used 11051K, committed 11520K, reserved 425984K
}
Event: 172.738 GC heap before
{Heap before GC invocations=51 (full 0):
 garbage-first heap   total 157696K, used 95431K [0x0000000080000000, 0x0000000100000000)
  region size 1024K, 7 young (7168K), 1 survivors (1024K)
 Metaspace       used 79533K, committed 80384K, reserved 557056K
  class space    used 11102K, committed 11520K, reserved 425984K
}
Event: 172.743 GC heap after
{Heap after GC invocations=52 (full 0):
 garbage-first heap   total 157696K, used 89814K [0x0000000080000000, 0x0000000100000000)
  region size 1024K, 1 young (1024K), 1 survivors (1024K)
 Metaspace       used 79533K, committed 80384K, reserved 557056K
  class space    used 11102K, committed 11520K, reserved 425984K
}
Event: 176.423 GC heap before
{Heap before GC invocations=52 (full 0):
 garbage-first heap   total 157696K, used 113366K [0x0000000080000000, 0x0000000100000000)
  region size 1024K, 26 young (26624K), 1 survivors (1024K)
 Metaspace       used 81149K, committed 82048K, reserved 557056K
  class space    used 11319K, committed 11776K, reserved 425984K
}
Event: 176.429 GC heap after
{Heap after GC invocations=53 (full 0):
 garbage-first heap   total 157696K, used 91403K [0x0000000080000000, 0x0000000100000000)
  region size 1024K, 2 young (2048K), 2 survivors (2048K)
 Metaspace       used 81149K, committed 82048K, reserved 557056K
  class space    used 11319K, committed 11776K, reserved 425984K
}
Event: 179.090 GC heap before
{Heap before GC invocations=54 (full 0):
 garbage-first heap   total 174080K, used 126219K [0x0000000080000000, 0x0000000100000000)
  region size 1024K, 30 young (30720K), 2 survivors (2048K)
 Metaspace       used 82332K, committed 83200K, reserved 557056K
  class space    used 11483K, committed 11904K, reserved 425984K
}
Event: 179.099 GC heap after
{Heap after GC invocations=55 (full 0):
 garbage-first heap   total 174080K, used 94254K [0x0000000080000000, 0x0000000100000000)
  region size 1024K, 4 young (4096K), 4 survivors (4096K)
 Metaspace       used 82332K, committed 83200K, reserved 557056K
  class space    used 11483K, committed 11904K, reserved 425984K
}
Event: 179.354 GC heap before
{Heap before GC invocations=55 (full 0):
 garbage-first heap   total 174080K, used 97326K [0x0000000080000000, 0x0000000100000000)
  region size 1024K, 8 young (8192K), 4 survivors (4096K)
 Metaspace       used 82598K, committed 83520K, reserved 557056K
  class space    used 11523K, committed 11968K, reserved 425984K
}
Event: 179.364 GC heap after
{Heap after GC invocations=56 (full 0):
 garbage-first heap   total 174080K, used 94476K [0x0000000080000000, 0x0000000100000000)
  region size 1024K, 1 young (1024K), 1 survivors (1024K)
 Metaspace       used 82598K, committed 83520K, reserved 557056K
  class space    used 11523K, committed 11968K, reserved 425984K
}
Event: 189.121 GC heap before
{Heap before GC invocations=56 (full 0):
 garbage-first heap   total 174080K, used 130316K [0x0000000080000000, 0x0000000100000000)
  region size 1024K, 36 young (36864K), 1 survivors (1024K)
 Metaspace       used 84903K, committed 85760K, reserved 557056K
  class space    used 11817K, committed 12224K, reserved 425984K
}
Event: 189.126 GC heap after
{Heap after GC invocations=57 (full 0):
 garbage-first heap   total 174080K, used 95928K [0x0000000080000000, 0x0000000100000000)
  region size 1024K, 2 young (2048K), 2 survivors (2048K)
 Metaspace       used 84903K, committed 85760K, reserved 557056K
  class space    used 11817K, committed 12224K, reserved 425984K
}
Event: 196.190 GC heap before
{Heap before GC invocations=58 (full 0):
 garbage-first heap   total 174080K, used 132792K [0x0000000080000000, 0x0000000100000000)
  region size 1024K, 38 young (38912K), 2 survivors (2048K)
 Metaspace       used 87529K, committed 88384K, reserved 557056K
  class space    used 12187K, committed 12608K, reserved 425984K
}
Event: 196.195 GC heap after
{Heap after GC invocations=59 (full 0):
 garbage-first heap   total 174080K, used 97030K [0x0000000080000000, 0x0000000100000000)
  region size 1024K, 3 young (3072K), 3 survivors (3072K)
 Metaspace       used 87529K, committed 88384K, reserved 557056K
  class space    used 12187K, committed 12608K, reserved 425984K
}
Event: 196.834 GC heap before
{Heap before GC invocations=59 (full 0):
 garbage-first heap   total 174080K, used 101126K [0x0000000080000000, 0x0000000100000000)
  region size 1024K, 8 young (8192K), 3 survivors (3072K)
 Metaspace       used 87792K, committed 88704K, reserved 557056K
  class space    used 12222K, committed 12672K, reserved 425984K
}
Event: 196.840 GC heap after
{Heap after GC invocations=60 (full 0):
 garbage-first heap   total 174080K, used 97278K [0x0000000080000000, 0x0000000100000000)
  region size 1024K, 1 young (1024K), 1 survivors (1024K)
 Metaspace       used 87792K, committed 88704K, reserved 557056K
  class space    used 12222K, committed 12672K, reserved 425984K
}
Event: 198.403 GC heap before
{Heap before GC invocations=60 (full 0):
 garbage-first heap   total 174080K, used 136190K [0x0000000080000000, 0x0000000100000000)
  region size 1024K, 39 young (39936K), 1 survivors (1024K)
 Metaspace       used 89495K, committed 90432K, reserved 557056K
  class space    used 12470K, committed 12928K, reserved 425984K
}
Event: 198.410 GC heap after
{Heap after GC invocations=61 (full 0):
 garbage-first heap   total 174080K, used 98731K [0x0000000080000000, 0x0000000100000000)
  region size 1024K, 3 young (3072K), 3 survivors (3072K)
 Metaspace       used 89495K, committed 90432K, reserved 557056K
  class space    used 12470K, committed 12928K, reserved 425984K
}

